Perfect copy/Visit_Bangladesh - 2 (java)/Android/app/build/intermediates/manifest_merge_blame_file/debug/manifest-merger-blame-debug-report.txt
1<?xml version="1.0" encoding="utf-8"?>
2<!-- suppress ALL -->
3<manifest xmlns:android="http://schemas.android.com/apk/res/android"
4    package="io.github.visit_activities"
5    android:versionCode="49"
6    android:versionName="5.6.2" >
7
8    <uses-sdk
9        android:minSdkVersion="22"
9-->src\main\AndroidManifest.xml
10        android:targetSdkVersion="28" />
10-->src\main\AndroidManifest.xml
11
12    <uses-feature android:name="android.hardware.camera" />
12-->src\main\AndroidManifest.xml:6:5-60
12-->src\main\AndroidManifest.xml:6:19-57
13    <uses-feature
13-->src\main\AndroidManifest.xml:7:5-9:36
14        android:name="android.hardware.camera.autofocus"
14-->src\main\AndroidManifest.xml:8:9-57
15        android:required="false" />
15-->src\main\AndroidManifest.xml:9:9-33
16
17    <uses-permission android:name="android.permission.CAMERA" />
17-->src\main\AndroidManifest.xml:11:5-65
17-->src\main\AndroidManifest.xml:11:22-62
18    <uses-permission android:name="android.permission.WRITE_EXTERNAL_STORAGE" />
18-->src\main\AndroidManifest.xml:12:5-81
18-->src\main\AndroidManifest.xml:12:22-78
19    <uses-permission android:name="android.permission.BLUETOOTH" />
19-->src\main\AndroidManifest.xml:13:5-68
19-->src\main\AndroidManifest.xml:13:22-65
20    <uses-permission android:name="android.permission.WRITE_CONTACTS" />
20-->src\main\AndroidManifest.xml:14:5-73
20-->src\main\AndroidManifest.xml:14:22-70
21    <uses-permission android:name="android.permission.BLUETOOTH_ADMIN" />
21-->src\main\AndroidManifest.xml:15:5-74
21-->src\main\AndroidManifest.xml:15:22-71
22    <uses-permission android:name="android.permission.READ_PHONE_STATE" />
22-->src\main\AndroidManifest.xml:16:5-75
22-->src\main\AndroidManifest.xml:16:22-72
23    <uses-permission android:name="android.permission.WAKE_LOCK" />
23-->src\main\AndroidManifest.xml:17:5-68
23-->src\main\AndroidManifest.xml:17:22-65
24    <uses-permission android:name="android.permission.READ_EXTERNAL_STORAGE" />
24-->src\main\AndroidManifest.xml:18:5-80
24-->src\main\AndroidManifest.xml:18:22-77
25    <uses-permission android:name="android.permission.INTERNET" />
25-->src\main\AndroidManifest.xml:19:5-67
25-->src\main\AndroidManifest.xml:19:22-64
26    <uses-permission android:name="android.permission.ACCESS_NETWORK_STATE" />
26-->src\main\AndroidManifest.xml:20:5-79
26-->src\main\AndroidManifest.xml:20:22-76
27    <uses-permission android:name="android.permission.READ_CONTACTS" />
27-->src\main\AndroidManifest.xml:21:5-72
27-->src\main\AndroidManifest.xml:21:22-69
28    <uses-permission android:name="android.permission.READ_PROFILE" />
28-->src\main\AndroidManifest.xml:22:5-71
28-->src\main\AndroidManifest.xml:22:22-68
29    <uses-permission android:name="android.permission.ACCESS_COARSE_LOCATION" />
29-->src\main\AndroidManifest.xml:23:5-81
29-->src\main\AndroidManifest.xml:23:22-78
30    <uses-permission android:name="android.permission.ACCESS_FINE_LOCATION" />
30-->src\main\AndroidManifest.xml:24:5-79
30-->src\main\AndroidManifest.xml:24:22-76
31    <uses-permission android:name="android.permission.VIBRATE" />
31-->src\main\AndroidManifest.xml:25:5-66
31-->src\main\AndroidManifest.xml:25:22-63
32
33    <uses-feature
33-->[com.journeyapps:zxing-android-embedded:3.4.0] AndroidManifest.xml:27:5-29:36
34        android:name="android.hardware.camera.front"
34-->[com.journeyapps:zxing-android-embedded:3.4.0] AndroidManifest.xml:28:9-53
35        android:required="false" />
35-->[com.journeyapps:zxing-android-embedded:3.4.0] AndroidManifest.xml:29:9-33
36    <uses-feature
36-->[com.journeyapps:zxing-android-embedded:3.4.0] AndroidManifest.xml:35:5-37:36
37        android:name="android.hardware.camera.flash"
37-->[com.journeyapps:zxing-android-embedded:3.4.0] AndroidManifest.xml:36:9-53
38        android:required="false" />
38-->[com.journeyapps:zxing-android-embedded:3.4.0] AndroidManifest.xml:37:9-33
39    <uses-feature
39-->[com.journeyapps:zxing-android-embedded:3.4.0] AndroidManifest.xml:38:5-40:36
40        android:name="android.hardware.screen.landscape"
40-->[com.journeyapps:zxing-android-embedded:3.4.0] AndroidManifest.xml:39:9-57
41        android:required="false" />
41-->[com.journeyapps:zxing-android-embedded:3.4.0] AndroidManifest.xml:40:9-33
42    <uses-feature
42-->[com.journeyapps:zxing-android-embedded:3.4.0] AndroidManifest.xml:41:5-43:36
43        android:name="android.hardware.wifi"
43-->[com.journeyapps:zxing-android-embedded:3.4.0] AndroidManifest.xml:42:9-45
44        android:required="false" />
44-->[com.journeyapps:zxing-android-embedded:3.4.0] AndroidManifest.xml:43:9-33
45
46    <supports-screens
46-->[org.osmdroid:osmdroid-android:6.0.2] AndroidManifest.xml:11:5-14:40
47        android:anyDensity="true"
47-->[org.osmdroid:osmdroid-android:6.0.2] AndroidManifest.xml:12:9-34
48        android:largeScreens="true"
48-->[org.osmdroid:osmdroid-android:6.0.2] AndroidManifest.xml:13:9-36
49        android:normalScreens="true" />
49-->[org.osmdroid:osmdroid-android:6.0.2] AndroidManifest.xml:14:9-37
50
51    <uses-feature
51-->[org.osmdroid:osmdroid-android:6.0.2] AndroidManifest.xml:16:5-18:36
52        android:name="android.hardware.location.network"
52-->[org.osmdroid:osmdroid-android:6.0.2] AndroidManifest.xml:17:9-57
53        android:required="false" />
53-->[org.osmdroid:osmdroid-android:6.0.2] AndroidManifest.xml:18:9-33
54    <uses-feature
54-->[org.osmdroid:osmdroid-android:6.0.2] AndroidManifest.xml:19:5-21:36
55        android:name="android.hardware.location.gps"
55-->[org.osmdroid:osmdroid-android:6.0.2] AndroidManifest.xml:20:9-53
56        android:required="false" />
56-->[org.osmdroid:osmdroid-android:6.0.2] AndroidManifest.xml:21:9-33
57    <uses-feature
57-->[org.osmdroid:osmdroid-android:6.0.2] AndroidManifest.xml:22:5-24:36
58        android:name="android.hardware.telephony"
58-->[org.osmdroid:osmdroid-android:6.0.2] AndroidManifest.xml:23:9-50
59        android:required="false" />
59-->[org.osmdroid:osmdroid-android:6.0.2] AndroidManifest.xml:24:9-33
60
61    <uses-permission android:name="android.permission.RECEIVE_BOOT_COMPLETED" />
61-->[com.evernote:android-job:1.2.1] AndroidManifest.xml:14:5-81
61-->[com.evernote:android-job:1.2.1] AndroidManifest.xml:14:22-78
62
63    <application
63-->src\main\AndroidManifest.xml:27:5-212:19
64        android:name="io.github.visit_activities.TravelMateApplication"
64-->src\main\AndroidManifest.xml:28:9-72
65        android:allowBackup="true"
65-->src\main\AndroidManifest.xml:29:9-35
66        android:appComponentFactory="android.support.v4.app.CoreComponentFactory"
66-->[com.android.support:support-compat:28.0.0] AndroidManifest.xml:22:18-91
67        android:debuggable="true"
68        android:fullBackupContent="@xml/backup_descriptor"
68-->src\main\AndroidManifest.xml:30:9-59
69        android:icon="@drawable/google_travel_logo"
69-->src\main\AndroidManifest.xml:31:9-52
70        android:label="@string/app_name"
70-->src\main\AndroidManifest.xml:32:9-41
71        android:largeHeap="true"
71-->src\main\AndroidManifest.xml:33:9-33
72        android:screenOrientation="portrait"
72-->src\main\AndroidManifest.xml:34:9-45
73        android:supportsRtl="true"
73-->src\main\AndroidManifest.xml:35:9-35
74        android:testOnly="true"
75        android:theme="@style/AppTheme" >
75-->src\main\AndroidManifest.xml:36:9-40
76
77        <!--
78            <activity
79            android:name=".mytrips.TripImageActivity"
80            android:configChanges="orientation|screenSize"
81            android:theme="@style/AppTheme" />
82        -->
83        <activity
83-->src\main\AndroidManifest.xml:42:9-65:20
84            android:name="io.github.visit_activities.MainActivity"
84-->src\main\AndroidManifest.xml:43:13-67
85            android:configChanges="orientation|screenSize"
85-->src\main\AndroidManifest.xml:46:13-59
86            android:label="@string/app_name"
86-->src\main\AndroidManifest.xml:44:13-45
87            android:theme="@style/AppThemeNoBar"
87-->src\main\AndroidManifest.xml:45:13-49
88            android:windowSoftInputMode="adjustResize" >
88-->src\main\AndroidManifest.xml:47:13-55
89
90            <!--
91                <meta-data
92                android:name="android.app.shortcuts"
93                android:resource="@xml/shortcuts" />
94            -->
95            <intent-filter>
95-->src\main\AndroidManifest.xml:51:13-64:29
96
97                <!--
98                <action android:name="android.intent.action.MAIN" />
99                <category android:name="android.intent.category.LAUNCHER" />
100                -->
101
102                <action android:name="android.intent.action.VIEW" />
102-->src\main\AndroidManifest.xml:55:17-69
102-->src\main\AndroidManifest.xml:55:25-66
103
104                <category android:name="android.intent.category.DEFAULT" />
104-->src\main\AndroidManifest.xml:57:17-76
104-->src\main\AndroidManifest.xml:57:27-73
105                <category android:name="android.intent.category.BROWSABLE" />
105-->src\main\AndroidManifest.xml:58:17-78
105-->src\main\AndroidManifest.xml:58:27-75
106
107                <data android:host="project-travel-mate.github.io" />
107-->src\main\AndroidManifest.xml:60:17-70
107-->src\main\AndroidManifest.xml:60:23-67
108                <data android:scheme="https" />
108-->src\main\AndroidManifest.xml:60:17-70
108-->src\main\AndroidManifest.xml:61:23-45
109                <data android:scheme="http" />
109-->src\main\AndroidManifest.xml:60:17-70
109-->src\main\AndroidManifest.xml:61:23-45
110                <data android:pathPattern=".*" />
110-->src\main\AndroidManifest.xml:60:17-70
110-->src\main\AndroidManifest.xml:63:23-47
111            </intent-filter>
112        </activity>
113        <!--
114             <activity
115             android:name=".SplashActivity"
116             android:label="@string/title_activity_login"
117             android:theme="@style/AppThemeNoBar"
118             android:windowSoftInputMode="adjustPan"/>
119        -->
120
121        <activity
121-->src\main\AndroidManifest.xml:72:9-85:20
122            android:name="io.github.visit_activities.login.LoginActivity"
122-->src\main\AndroidManifest.xml:73:13-74
123            android:label="@string/app_name"
123-->src\main\AndroidManifest.xml:74:13-45
124            android:theme="@style/AppThemeNoBar" >
124-->src\main\AndroidManifest.xml:75:13-49
125            <intent-filter>
125-->src\main\AndroidManifest.xml:76:13-80:29
126                <action android:name="android.intent.action.MAIN" />
126-->src\main\AndroidManifest.xml:77:17-69
126-->src\main\AndroidManifest.xml:77:25-66
127
128                <category android:name="android.intent.category.LAUNCHER" />
128-->src\main\AndroidManifest.xml:79:17-77
128-->src\main\AndroidManifest.xml:79:27-74
129            </intent-filter>
130
131            <!--
132                 <meta-data
133                 android:name="android.app.shortcuts"
134                 android:resource="@xml/shortcuts" />
135            -->
136        </activity>
137
138        <service
138-->src\main\AndroidManifest.xml:87:9-89:38
139            android:name="utils.GPSTracker"
139-->src\main\AndroidManifest.xml:88:13-44
140            android:enabled="true" />
140-->src\main\AndroidManifest.xml:89:13-35
141
142        <activity
142-->src\main\AndroidManifest.xml:91:9-94:54
143            android:name="io.github.visit_activities.utilities.ChecklistActivity"
143-->src\main\AndroidManifest.xml:92:13-82
144            android:label="@string/title_activity_select_city"
144-->src\main\AndroidManifest.xml:93:13-63
145            android:theme="@style/AppTheme_picker" />
145-->src\main\AndroidManifest.xml:94:13-51
146        <activity
146-->src\main\AndroidManifest.xml:95:9-98:54
147            android:name="io.github.visit_activities.travel.ShoppingCurrentCityActivity"
147-->src\main\AndroidManifest.xml:96:13-89
148            android:label="@string/title_activity_shopping_currentcity"
148-->src\main\AndroidManifest.xml:97:13-72
149            android:theme="@style/AppTheme_picker" />
149-->src\main\AndroidManifest.xml:98:13-51
150        <activity
150-->src\main\AndroidManifest.xml:99:9-103:54
151            android:name="io.github.visit_activities.travel.HotelsActivity"
151-->src\main\AndroidManifest.xml:100:13-76
152            android:configChanges="orientation|screenSize"
152-->src\main\AndroidManifest.xml:101:13-59
153            android:label="@string/title_activity_hotels"
153-->src\main\AndroidManifest.xml:102:13-58
154            android:theme="@style/AppTheme_picker" />
154-->src\main\AndroidManifest.xml:103:13-51
155        <activity
155-->src\main\AndroidManifest.xml:104:9-107:54
156            android:name="io.github.visit_activities.travel.MapViewRealTimeActivity"
156-->src\main\AndroidManifest.xml:105:13-85
157            android:label="@string/title_activity_map"
157-->src\main\AndroidManifest.xml:106:13-55
158            android:theme="@style/AppTheme_picker" />
158-->src\main\AndroidManifest.xml:107:13-51
159        <activity
159-->src\main\AndroidManifest.xml:109:9-112:54
160            android:name="io.github.visit_activities.destinations.funfacts.FunFactsActivity"
160-->src\main\AndroidManifest.xml:110:13-93
161            android:label="@string/title_activity_fun_facts"
161-->src\main\AndroidManifest.xml:111:13-61
162            android:theme="@style/AppTheme_picker" />
162-->src\main\AndroidManifest.xml:112:13-51
163        <activity android:name="io.github.visit_activities.utilities.ShareContactActivity" />
163-->src\main\AndroidManifest.xml:113:9-94
163-->src\main\AndroidManifest.xml:113:19-91
164        <activity
164-->src\main\AndroidManifest.xml:115:9-117:52
165            android:name="io.github.visit_activities.destinations.description.FinalCityInfoActivity"
165-->src\main\AndroidManifest.xml:116:13-101
166            android:theme="@style/AppThemeNoBar" />
166-->src\main\AndroidManifest.xml:117:13-49
167        <activity android:name="io.github.visit_activities.destinations.description.PlacesOnMapActivity" />
167-->src\main\AndroidManifest.xml:118:9-108
167-->src\main\AndroidManifest.xml:118:19-105
168        <activity android:name="io.github.visit_activities.mytrips.AddNewTripActivity" />
168-->src\main\AndroidManifest.xml:119:9-90
168-->src\main\AndroidManifest.xml:119:19-87
169        <activity
169-->src\main\AndroidManifest.xml:120:9-123:57
170            android:name="io.github.visit_activities.mytrips.MyTripInfoActivity"
170-->src\main\AndroidManifest.xml:121:13-81
171            android:theme="@style/AppThemeNoBar"
171-->src\main\AndroidManifest.xml:122:13-49
172            android:windowSoftInputMode="stateHidden" />
172-->src\main\AndroidManifest.xml:123:13-54
173        <activity
173-->src\main\AndroidManifest.xml:124:9-127:52
174            android:name="io.github.visit_activities.VerifyEmailActivity"
174-->src\main\AndroidManifest.xml:125:13-74
175            android:label="@string/verify_email"
175-->src\main\AndroidManifest.xml:126:13-49
176            android:theme="@style/AppThemeNoBar" />
176-->src\main\AndroidManifest.xml:127:13-49
177
178        <provider
178-->src\main\AndroidManifest.xml:129:9-137:20
179            android:name="android.support.v4.content.FileProvider"
179-->src\main\AndroidManifest.xml:130:13-67
180            android:authorities="io.github.visit_activities.shareFile"
180-->src\main\AndroidManifest.xml:131:13-71
181            android:exported="false"
181-->src\main\AndroidManifest.xml:132:13-37
182            android:grantUriPermissions="true" >
182-->src\main\AndroidManifest.xml:133:13-47
183            <meta-data
183-->src\main\AndroidManifest.xml:134:13-136:58
184                android:name="android.support.FILE_PROVIDER_PATHS"
184-->src\main\AndroidManifest.xml:135:17-67
185                android:resource="@xml/provider_paths" />
185-->src\main\AndroidManifest.xml:136:17-55
186        </provider>
187
188        <activity
188-->src\main\AndroidManifest.xml:139:9-140:62
189            android:name="io.github.visit_activities.ProfileActivity"
189-->src\main\AndroidManifest.xml:139:19-76
190            android:configChanges="orientation|screenSize" />
190-->src\main\AndroidManifest.xml:140:13-59
191        <activity android:name="io.github.visit_activities.friend.FriendsProfileActivity" />
191-->src\main\AndroidManifest.xml:141:9-93
191-->src\main\AndroidManifest.xml:141:19-90
192        <activity android:name="io.github.visit_activities.notifications.NotificationsActivity" />
192-->src\main\AndroidManifest.xml:142:9-99
192-->src\main\AndroidManifest.xml:142:19-96
193        <activity
193-->src\main\AndroidManifest.xml:143:9-145:60
194            android:name="io.github.visit_activities.FullScreenImage"
194-->src\main\AndroidManifest.xml:144:13-70
195            android:theme="@style/FullProfileImageTheme" />
195-->src\main\AndroidManifest.xml:145:13-57
196        <activity android:name="io.github.visit_activities.utilities.WeatherForecastActivity" />
196-->src\main\AndroidManifest.xml:146:9-97
196-->src\main\AndroidManifest.xml:146:19-94
197        <activity android:name="io.github.visit_activities.utilities.CompassActivity" />
197-->src\main\AndroidManifest.xml:147:9-89
197-->src\main\AndroidManifest.xml:147:19-86
198        <activity android:name="io.github.visit_activities.utilities.CurrencyActivity" />
198-->src\main\AndroidManifest.xml:148:9-90
198-->src\main\AndroidManifest.xml:148:19-87
199        <activity android:name="io.github.visit_activities.utilities.WorldClockActivity" />
199-->src\main\AndroidManifest.xml:149:9-92
199-->src\main\AndroidManifest.xml:149:19-89
200        <activity android:name="io.github.visit_activities.utilities.CurrencyListViewActivity" />
200-->src\main\AndroidManifest.xml:150:9-98
200-->src\main\AndroidManifest.xml:150:19-95
201        <activity android:name="io.github.visit_activities.utilities.TimezoneListViewActivity" />
201-->src\main\AndroidManifest.xml:151:9-98
201-->src\main\AndroidManifest.xml:151:19-95
202        <activity android:name="io.github.visit_activities.destinations.description.WeatherActivity" />
202-->src\main\AndroidManifest.xml:152:9-104
202-->src\main\AndroidManifest.xml:152:19-101
203        <activity android:name="io.github.visit_activities.utilities.UpcomingWeekendsActivity" />
203-->src\main\AndroidManifest.xml:153:9-98
203-->src\main\AndroidManifest.xml:153:19-95
204        <activity android:name="io.github.visit_activities.destinations.description.CityHistoryActivity" />
204-->src\main\AndroidManifest.xml:154:9-108
204-->src\main\AndroidManifest.xml:154:19-105
205        <activity android:name="io.github.visit_activities.destinations.description.CityMapActivity" />
205-->src\main\AndroidManifest.xml:155:9-104
205-->src\main\AndroidManifest.xml:155:19-101
206        <activity android:name="io.github.visit_activities.travel.ListViewRealTimeActivity" />
206-->src\main\AndroidManifest.xml:156:9-95
206-->src\main\AndroidManifest.xml:156:19-92
207        <activity android:name="io.github.visit_activities.destinations.description.RestaurantsActivity" />
207-->src\main\AndroidManifest.xml:157:9-108
207-->src\main\AndroidManifest.xml:157:19-105
208        <activity android:name="com.theartofdev.edmodo.cropper.CropImageActivity" />
208-->src\main\AndroidManifest.xml:158:9-85
208-->src\main\AndroidManifest.xml:158:19-82
209        <activity
209-->src\main\AndroidManifest.xml:159:9-161:15
210            android:name="io.github.visit_activities.utilities.QuotesActivity"
210-->src\main\AndroidManifest.xml:159:19-85
211            android:theme="@style/Theme.AppCompat.NoActionBar" />
211-->src\main\AndroidManifest.xml:160:13-63
212        <activity
212-->src\main\AndroidManifest.xml:162:9-172:20
213            android:name="io.github.visit_activities.DeleteProfilePictureActivity"
213-->src\main\AndroidManifest.xml:163:13-83
214            android:icon="@drawable/ic_delete_round"
214-->src\main\AndroidManifest.xml:164:13-53
215            android:label="@string/remove_photo"
215-->src\main\AndroidManifest.xml:165:13-49
216            android:theme="@android:style/Theme.NoDisplay" >
216-->src\main\AndroidManifest.xml:166:13-59
217            <intent-filter>
217-->src\main\AndroidManifest.xml:167:13-171:29
218                <action android:name="android.intent.action.DELETE" />
218-->src\main\AndroidManifest.xml:168:17-71
218-->src\main\AndroidManifest.xml:168:25-68
219
220                <category android:name="android.intent.category.DEFAULT" />
220-->src\main\AndroidManifest.xml:57:17-76
220-->src\main\AndroidManifest.xml:57:27-73
221            </intent-filter>
222        </activity>
223        <activity
223-->src\main\AndroidManifest.xml:173:9-175:52
224            android:name="io.github.visit_activities.destinations.description.RestaurantDetailsActivity"
224-->src\main\AndroidManifest.xml:174:13-105
225            android:theme="@style/AppThemeNoBar" />
225-->src\main\AndroidManifest.xml:175:13-49
226
227        <receiver android:name="widget.CheckListWidgetProvider" >
227-->src\main\AndroidManifest.xml:177:9-187:20
227-->src\main\AndroidManifest.xml:177:19-64
228            <intent-filter>
228-->src\main\AndroidManifest.xml:178:13-182:29
229
230                <!-- This widget provider receives broadcast with following action name or simply onUpdate of AppWidgetProvider is called -->
231                <action android:name="android.appwidget.action.APPWIDGET_UPDATE" />
231-->src\main\AndroidManifest.xml:181:17-84
231-->src\main\AndroidManifest.xml:181:25-81
232            </intent-filter>
233            <!-- linking up xml file of appwidget-provider to AppWidgetProvider -->
234            <meta-data
234-->src\main\AndroidManifest.xml:184:13-186:65
235                android:name="android.appwidget.provider"
235-->src\main\AndroidManifest.xml:185:17-58
236                android:resource="@xml/checklist_widget_info" />
236-->src\main\AndroidManifest.xml:186:17-62
237        </receiver>
238
239        <service
239-->src\main\AndroidManifest.xml:189:9-191:72
240            android:name="widget.CheckListWidgetService"
240-->src\main\AndroidManifest.xml:190:13-57
241            android:permission="android.permission.BIND_REMOTEVIEWS" />
241-->src\main\AndroidManifest.xml:191:13-69
242
243        <meta-data
243-->src\main\AndroidManifest.xml:193:9-195:57
244            android:name="preloaded_fonts"
244-->src\main\AndroidManifest.xml:194:13-43
245            android:resource="@array/preloaded_fonts" />
245-->src\main\AndroidManifest.xml:195:13-54
246
247        <receiver android:name="widget.ClockWidget" >
247-->src\main\AndroidManifest.xml:197:9-205:20
247-->src\main\AndroidManifest.xml:197:19-52
248            <intent-filter>
248-->src\main\AndroidManifest.xml:178:13-182:29
249                <action android:name="android.appwidget.action.APPWIDGET_UPDATE" />
249-->src\main\AndroidManifest.xml:181:17-84
249-->src\main\AndroidManifest.xml:181:25-81
250            </intent-filter>
251
252            <meta-data
252-->src\main\AndroidManifest.xml:184:13-186:65
253                android:name="android.appwidget.provider"
253-->src\main\AndroidManifest.xml:185:17-58
254                android:resource="@xml/clock_widget_info" />
254-->src\main\AndroidManifest.xml:186:17-62
255        </receiver>
256
257        <activity android:name="widget.ClockWidgetConfigureActivity" >
257-->src\main\AndroidManifest.xml:207:9-211:20
257-->src\main\AndroidManifest.xml:207:19-69
258            <intent-filter>
258-->src\main\AndroidManifest.xml:208:13-210:29
259                <action android:name="android.appwidget.action.APPWIDGET_CONFIGURE" />
259-->src\main\AndroidManifest.xml:209:17-87
259-->src\main\AndroidManifest.xml:209:25-84
260            </intent-filter>
261        </activity>
262        <activity
262-->[com.journeyapps:zxing-android-embedded:3.4.0] AndroidManifest.xml:46:9-52:63
263            android:name="com.journeyapps.barcodescanner.CaptureActivity"
263-->[com.journeyapps:zxing-android-embedded:3.4.0] AndroidManifest.xml:47:13-74
264            android:clearTaskOnLaunch="true"
264-->[com.journeyapps:zxing-android-embedded:3.4.0] AndroidManifest.xml:48:13-45
265            android:screenOrientation="sensorLandscape"
265-->[com.journeyapps:zxing-android-embedded:3.4.0] AndroidManifest.xml:49:13-56
266            android:stateNotNeeded="true"
266-->[com.journeyapps:zxing-android-embedded:3.4.0] AndroidManifest.xml:50:13-42
267            android:theme="@style/zxing_CaptureTheme"
267-->[com.journeyapps:zxing-android-embedded:3.4.0] AndroidManifest.xml:51:13-54
268            android:windowSoftInputMode="stateAlwaysHidden" />
268-->[com.journeyapps:zxing-android-embedded:3.4.0] AndroidManifest.xml:52:13-60
269
270        <provider
270-->[android.arch.lifecycle:extensions:1.1.0] AndroidManifest.xml:23:9-27:43
271            android:name="android.arch.lifecycle.ProcessLifecycleOwnerInitializer"
271-->[android.arch.lifecycle:extensions:1.1.0] AndroidManifest.xml:24:13-83
272            android:authorities="io.github.visit_activities.lifecycle-trojan"
272-->[android.arch.lifecycle:extensions:1.1.0] AndroidManifest.xml:25:13-68
273            android:exported="false"
273-->[android.arch.lifecycle:extensions:1.1.0] AndroidManifest.xml:26:13-37
274            android:multiprocess="true" />
274-->[android.arch.lifecycle:extensions:1.1.0] AndroidManifest.xml:27:13-40
275
276        <service
276-->[com.evernote:android-job:1.2.1] AndroidManifest.xml:17:9-20:72
277            android:name="com.evernote.android.job.v21.PlatformJobService"
277-->[com.evernote:android-job:1.2.1] AndroidManifest.xml:18:13-75
278            android:exported="false"
278-->[com.evernote:android-job:1.2.1] AndroidManifest.xml:19:13-37
279            android:permission="android.permission.BIND_JOB_SERVICE" />
279-->[com.evernote:android-job:1.2.1] AndroidManifest.xml:20:13-69
280        <service
280-->[com.evernote:android-job:1.2.1] AndroidManifest.xml:21:9-24:72
281            android:name="com.evernote.android.job.v14.PlatformAlarmService"
281-->[com.evernote:android-job:1.2.1] AndroidManifest.xml:22:13-77
282            android:exported="false"
282-->[com.evernote:android-job:1.2.1] AndroidManifest.xml:23:13-37
283            android:permission="android.permission.BIND_JOB_SERVICE" />
283-->[com.evernote:android-job:1.2.1] AndroidManifest.xml:24:13-69
284        <service
284-->[com.evernote:android-job:1.2.1] AndroidManifest.xml:25:9-27:40
285            android:name="com.evernote.android.job.v14.PlatformAlarmServiceExact"
285-->[com.evernote:android-job:1.2.1] AndroidManifest.xml:26:13-82
286            android:exported="false" />
286-->[com.evernote:android-job:1.2.1] AndroidManifest.xml:27:13-37
287
288        <receiver
288-->[com.evernote:android-job:1.2.1] AndroidManifest.xml:29:9-38:20
289            android:name="com.evernote.android.job.v14.PlatformAlarmReceiver"
289-->[com.evernote:android-job:1.2.1] AndroidManifest.xml:30:13-78
290            android:exported="false" >
290-->[com.evernote:android-job:1.2.1] AndroidManifest.xml:31:13-37
291            <intent-filter>
291-->[com.evernote:android-job:1.2.1] AndroidManifest.xml:32:13-37:29
292
293                <!-- Keep the filter for legacy intents -->
294                <action android:name="com.evernote.android.job.v14.RUN_JOB" />
294-->[com.evernote:android-job:1.2.1] AndroidManifest.xml:35:17-79
294-->[com.evernote:android-job:1.2.1] AndroidManifest.xml:35:25-76
295                <action android:name="net.vrallev.android.job.v14.RUN_JOB" />
295-->[com.evernote:android-job:1.2.1] AndroidManifest.xml:36:17-78
295-->[com.evernote:android-job:1.2.1] AndroidManifest.xml:36:25-75
296            </intent-filter>
297        </receiver>
298        <receiver
298-->[com.evernote:android-job:1.2.1] AndroidManifest.xml:39:9-48:20
299            android:name="com.evernote.android.job.JobBootReceiver"
299-->[com.evernote:android-job:1.2.1] AndroidManifest.xml:40:13-68
300            android:exported="false" >
300-->[com.evernote:android-job:1.2.1] AndroidManifest.xml:41:13-37
301            <intent-filter>
301-->[com.evernote:android-job:1.2.1] AndroidManifest.xml:42:13-47:29
302                <action android:name="android.intent.action.BOOT_COMPLETED" />
302-->[com.evernote:android-job:1.2.1] AndroidManifest.xml:43:17-79
302-->[com.evernote:android-job:1.2.1] AndroidManifest.xml:43:25-76
303                <action android:name="android.intent.action.QUICKBOOT_POWERON" />
303-->[com.evernote:android-job:1.2.1] AndroidManifest.xml:44:17-82
303-->[com.evernote:android-job:1.2.1] AndroidManifest.xml:44:25-79
304                <action android:name="com.htc.intent.action.QUICKBOOT_POWERON" />
304-->[com.evernote:android-job:1.2.1] AndroidManifest.xml:45:17-82
304-->[com.evernote:android-job:1.2.1] AndroidManifest.xml:45:25-79
305                <action android:name="android.intent.action.MY_PACKAGE_REPLACED" />
305-->[com.evernote:android-job:1.2.1] AndroidManifest.xml:46:17-84
305-->[com.evernote:android-job:1.2.1] AndroidManifest.xml:46:25-81
306            </intent-filter>
307        </receiver>
308
309        <service
309-->[com.evernote:android-job:1.2.1] AndroidManifest.xml:50:9-58:19
310            android:name="com.evernote.android.job.gcm.PlatformGcmService"
310-->[com.evernote:android-job:1.2.1] AndroidManifest.xml:51:13-75
311            android:enabled="false"
311-->[com.evernote:android-job:1.2.1] AndroidManifest.xml:52:13-36
312            android:exported="true"
312-->[com.evernote:android-job:1.2.1] AndroidManifest.xml:53:13-36
313            android:permission="com.google.android.gms.permission.BIND_NETWORK_TASK_SERVICE" >
313-->[com.evernote:android-job:1.2.1] AndroidManifest.xml:54:13-93
314            <intent-filter>
314-->[com.evernote:android-job:1.2.1] AndroidManifest.xml:55:13-57:29
315                <action android:name="com.google.android.gms.gcm.ACTION_TASK_READY" />